action: GLOB, msg: packaging
cwd: /home/alf/Documentos/Proyectos/Proyectos/SurveyHumpbackWhale/SurveyHumpbackWhaleModule
cmd: /home/alf/Documentos/snake_works/bin/python3.7 setup.py sdist --formats=zip --dist-dir build/tox/dist
running sdist
running egg_info
writing SurveyHumpbackWhale.egg-info/PKG-INFO
writing dependency_links to SurveyHumpbackWhale.egg-info/dependency_links.txt
writing top-level names to SurveyHumpbackWhale.egg-info/top_level.txt
reading manifest file 'SurveyHumpbackWhale.egg-info/SOURCES.txt'
writing manifest file 'SurveyHumpbackWhale.egg-info/SOURCES.txt'
warning: sdist: standard file not found: should have one of README, README.rst, README.txt, README.md

running check
warning: check: missing required meta-data: url

warning: check: missing meta-data: either (author and author_email) or (maintainer and maintainer_email) must be supplied

creating SurveyHumpbackWhale-2020.1.0
creating SurveyHumpbackWhale-2020.1.0/SurveyHumpbackWhale.egg-info
copying files to SurveyHumpbackWhale-2020.1.0...
copying SurveyHumpbackWhale.py -> SurveyHumpbackWhale-2020.1.0
copying setup.py -> SurveyHumpbackWhale-2020.1.0
copying SurveyHumpbackWhale.egg-info/PKG-INFO -> SurveyHumpbackWhale-2020.1.0/SurveyHumpbackWhale.egg-info
copying SurveyHumpbackWhale.egg-info/SOURCES.txt -> SurveyHumpbackWhale-2020.1.0/SurveyHumpbackWhale.egg-info
copying SurveyHumpbackWhale.egg-info/dependency_links.txt -> SurveyHumpbackWhale-2020.1.0/SurveyHumpbackWhale.egg-info
copying SurveyHumpbackWhale.egg-info/top_level.txt -> SurveyHumpbackWhale-2020.1.0/SurveyHumpbackWhale.egg-info
Writing SurveyHumpbackWhale-2020.1.0/setup.cfg
creating 'build/tox/dist/SurveyHumpbackWhale-2020.1.0.zip' and adding 'SurveyHumpbackWhale-2020.1.0' to it
adding 'SurveyHumpbackWhale-2020.1.0'
adding 'SurveyHumpbackWhale-2020.1.0/SurveyHumpbackWhale.egg-info'
adding 'SurveyHumpbackWhale-2020.1.0/PKG-INFO'
adding 'SurveyHumpbackWhale-2020.1.0/setup.py'
adding 'SurveyHumpbackWhale-2020.1.0/SurveyHumpbackWhale.py'
adding 'SurveyHumpbackWhale-2020.1.0/setup.cfg'
adding 'SurveyHumpbackWhale-2020.1.0/SurveyHumpbackWhale.egg-info/top_level.txt'
adding 'SurveyHumpbackWhale-2020.1.0/SurveyHumpbackWhale.egg-info/PKG-INFO'
adding 'SurveyHumpbackWhale-2020.1.0/SurveyHumpbackWhale.egg-info/dependency_links.txt'
adding 'SurveyHumpbackWhale-2020.1.0/SurveyHumpbackWhale.egg-info/SOURCES.txt'
removing 'SurveyHumpbackWhale-2020.1.0' (and everything under it)
